{
  "0 debug pnpm:scope": {
    "selected": 1
  },
  "1 error pnpm": {
    "code": "ELIFECYCLE",
    "errno": "ENOENT",
    "syscall": "spawn",
    "file": "sh",
    "pkgid": "remote@1.0.0",
    "stage": "start",
    "script": "webpack serve --open --mode development",
    "pkgname": "remote",
    "err": {
      "name": "Error",
      "message": "remote@1.0.0 start: `webpack serve --open --mode development`\nspawn ENOENT",
      "code": "ELIFECYCLE",
      "stack": "Error: remote@1.0.0 start: `webpack serve --open --mode development`\nspawn ENOENT\n    at ChildProcess.<anonymous> (/usr/local/lib/node_modules/pnpm/dist/pnpm.cjs:92546:22)\n    at ChildProcess.emit (events.js:315:20)\n    at maybeClose (internal/child_process.js:1048:16)\n    at Process.ChildProcess._handle.onexit (internal/child_process.js:288:5)"
    }
  }
}